c:\_sisc\dsmk\driverflt\intdir\fsfilter1\win32\debug\vc140.pdb
c:\_sisc\dsmk\driverflt\intdir\fsfilter1\win32\debug\driver1.obj
c:\_sisc\dsmk\driverflt\intdir\fsfilter1\win32\debug\debug.obj
c:\_sisc\dsmk\driverflt\intdir\fsfilter1\win32\debug\communication_server.obj
c:\_sisc\dsmk\driverflt\intdir\fsfilter1\win32\debug\callbacks_ps.obj
c:\_sisc\dsmk\driverflt\intdir\fsfilter1\win32\debug\minifilter_callbacks.obj
c:\_sisc\dsmk\driverflt\bin\win32\debug\fsfilter1\driver1.cat
c:\_sisc\dsmk\driverflt\bin\win32\debug\driver1.sys
c:\_sisc\dsmk\driverflt\bin\win32\debug\driver1.pdb
c:\_sisc\dsmk\driverflt\intdir\fsfilter1\win32\debug\fsfilter1.res
c:\_sisc\dsmk\driverflt\intdir\fsfilter1\win32\debug\driver1.inf
c:\_sisc\dsmk\driverflt\bin\win32\debug\driver1.cer
c:\_sisc\dsmk\driverflt\bin\win32\debug\driver1.inf
c:\_sisc\dsmk\driverflt\intdir\fsfilter1\win32\debug\fsfilter1.tlog\cl.command.1.tlog
c:\_sisc\dsmk\driverflt\intdir\fsfilter1\win32\debug\fsfilter1.tlog\cl.read.1.tlog
c:\_sisc\dsmk\driverflt\intdir\fsfilter1\win32\debug\fsfilter1.tlog\cl.write.1.tlog
c:\_sisc\dsmk\driverflt\intdir\fsfilter1\win32\debug\fsfilter1.tlog\inf2cat-expand.10256.read.1.tlog
c:\_sisc\dsmk\driverflt\intdir\fsfilter1\win32\debug\fsfilter1.tlog\inf2cat-expand.10256.write.1.tlog
c:\_sisc\dsmk\driverflt\intdir\fsfilter1\win32\debug\fsfilter1.tlog\inf2cat-expand.read.1.tlog
c:\_sisc\dsmk\driverflt\intdir\fsfilter1\win32\debug\fsfilter1.tlog\inf2cat-expand.write.1.tlog
c:\_sisc\dsmk\driverflt\intdir\fsfilter1\win32\debug\fsfilter1.tlog\inf2cat.command.1.tlog
c:\_sisc\dsmk\driverflt\intdir\fsfilter1\win32\debug\fsfilter1.tlog\inf2cat.read.1.tlog
c:\_sisc\dsmk\driverflt\intdir\fsfilter1\win32\debug\fsfilter1.tlog\inf2cat.write.1.tlog
c:\_sisc\dsmk\driverflt\intdir\fsfilter1\win32\debug\fsfilter1.tlog\link.command.1.tlog
c:\_sisc\dsmk\driverflt\intdir\fsfilter1\win32\debug\fsfilter1.tlog\link.read.1.tlog
c:\_sisc\dsmk\driverflt\intdir\fsfilter1\win32\debug\fsfilter1.tlog\link.write.1.tlog
c:\_sisc\dsmk\driverflt\intdir\fsfilter1\win32\debug\fsfilter1.tlog\rc.command.1.tlog
c:\_sisc\dsmk\driverflt\intdir\fsfilter1\win32\debug\fsfilter1.tlog\rc.read.1.tlog
c:\_sisc\dsmk\driverflt\intdir\fsfilter1\win32\debug\fsfilter1.tlog\rc.write.1.tlog
c:\_sisc\dsmk\driverflt\intdir\fsfilter1\win32\debug\fsfilter1.tlog\signtool.command.1.tlog
c:\_sisc\dsmk\driverflt\intdir\fsfilter1\win32\debug\fsfilter1.tlog\signtool.read.1.tlog
c:\_sisc\dsmk\driverflt\intdir\fsfilter1\win32\debug\fsfilter1.tlog\signtool.timestamp.1.tlog
c:\_sisc\dsmk\driverflt\intdir\fsfilter1\win32\debug\fsfilter1.tlog\signtool.write.1.tlog
c:\_sisc\dsmk\driverflt\intdir\fsfilter1\win32\debug\fsfilter1.tlog\stampinf.command.1.tlog
c:\_sisc\dsmk\driverflt\intdir\fsfilter1\win32\debug\fsfilter1.tlog\stampinf.read.1.tlog
c:\_sisc\dsmk\driverflt\intdir\fsfilter1\win32\debug\fsfilter1.tlog\stampinf.write.1.tlog
