  Building 'FsFilter1' with toolset 'WindowsKernelModeDriver10.0' and the 'Desktop' target platform.
  Stamping C:\_sisc\dsmk\DriverFlt\IntDir\FsFilter1\Win32\Debug\driver1.inf [Version] section with DriverVer=03/21/2017,23.56.35.411
  minifilter_callbacks.c
  callbacks_ps.c
  communication_server.c
  debug.c
  driver1.c
  Generating Code...
  FsFilter1.vcxproj -> C:\_sisc\dsmk\DriverFlt\bin\Win32\Debug\driver1.sys
  FsFilter1.vcxproj -> C:\_sisc\dsmk\DriverFlt\bin\Win32\Debug\driver1.pdb (Full PDB)
  Done Adding Additional Store
  Successfully signed: C:\_sisc\dsmk\DriverFlt\bin\Win32\Debug\driver1.sys
  
  ........................
  Signability test complete.
  
  Errors:
  None
  
  Warnings:
  None
  
  Catalog generation complete.
  C:\_sisc\dsmk\DriverFlt\bin\Win32\Debug\FsFilter1\driver1.cat
  Done Adding Additional Store
  Successfully signed: C:\_sisc\dsmk\DriverFlt\bin\Win32\Debug\FsFilter1\driver1.cat
  
  "source file mask to copy: ["C:\_sisc\dsmk\DriverFlt\bin\Win32\Debug\driver*"]"
  "destination folder: [c:\_share_vm\]"
  "symbols will be saved to location: [c:\_symbols]"
  C:\_sisc\dsmk\DriverFlt\bin\Win32\Debug\driver1.cer
  C:\_sisc\dsmk\DriverFlt\bin\Win32\Debug\driver1.inf
  C:\_sisc\dsmk\DriverFlt\bin\Win32\Debug\driver1.pdb
  C:\_sisc\dsmk\DriverFlt\bin\Win32\Debug\driver1.sys
  4 File(s) copied
  Finding ID...  0000000016
  
  SYMSTORE: Number of files stored = 2
  SYMSTORE: Number of errors = 0
  SYMSTORE: Number of files ignored = 2
